[2021-09-04 15:18:44,415] {processor.py:162} INFO - Started process (PID=32) to work on /home/airflow/.local/lib/python3.8/site-packages/airflow/example_dags/example_kubernetes_executor.py
[2021-09-04 15:18:44,417] {processor.py:613} INFO - Processing file /home/airflow/.local/lib/python3.8/site-packages/airflow/example_dags/example_kubernetes_executor.py for tasks to queue
[2021-09-04 15:18:44,419] {logging_mixin.py:109} INFO - [2021-09-04 15:18:44,419] {dagbag.py:496} INFO - Filling up the DagBag from /home/airflow/.local/lib/python3.8/site-packages/airflow/example_dags/example_kubernetes_executor.py
[2021-09-04 15:18:44,451] {processor.py:623} INFO - DAG(s) dict_keys(['example_kubernetes_executor']) retrieved from /home/airflow/.local/lib/python3.8/site-packages/airflow/example_dags/example_kubernetes_executor.py
[2021-09-04 15:18:47,010] {logging_mixin.py:109} INFO - [2021-09-04 15:18:47,010] {process_utils.py:207} INFO - Waiting up to 5 seconds for processes to exit...
[2021-09-04 15:18:53,652] {processor.py:162} INFO - Started process (PID=23) to work on /home/airflow/.local/lib/python3.8/site-packages/airflow/example_dags/example_kubernetes_executor.py
[2021-09-04 15:18:53,656] {processor.py:613} INFO - Processing file /home/airflow/.local/lib/python3.8/site-packages/airflow/example_dags/example_kubernetes_executor.py for tasks to queue
[2021-09-04 15:18:53,658] {logging_mixin.py:109} INFO - [2021-09-04 15:18:53,658] {dagbag.py:496} INFO - Filling up the DagBag from /home/airflow/.local/lib/python3.8/site-packages/airflow/example_dags/example_kubernetes_executor.py
[2021-09-04 15:18:53,681] {processor.py:623} INFO - DAG(s) dict_keys(['example_kubernetes_executor']) retrieved from /home/airflow/.local/lib/python3.8/site-packages/airflow/example_dags/example_kubernetes_executor.py
[2021-09-04 15:18:55,690] {logging_mixin.py:109} INFO - [2021-09-04 15:18:55,690] {process_utils.py:207} INFO - Waiting up to 5 seconds for processes to exit...
[2021-09-04 15:19:07,858] {processor.py:162} INFO - Started process (PID=33) to work on /home/airflow/.local/lib/python3.8/site-packages/airflow/example_dags/example_kubernetes_executor.py
[2021-09-04 15:19:07,860] {processor.py:613} INFO - Processing file /home/airflow/.local/lib/python3.8/site-packages/airflow/example_dags/example_kubernetes_executor.py for tasks to queue
[2021-09-04 15:19:07,862] {logging_mixin.py:109} INFO - [2021-09-04 15:19:07,862] {dagbag.py:496} INFO - Filling up the DagBag from /home/airflow/.local/lib/python3.8/site-packages/airflow/example_dags/example_kubernetes_executor.py
[2021-09-04 15:19:07,891] {processor.py:623} INFO - DAG(s) dict_keys(['example_kubernetes_executor']) retrieved from /home/airflow/.local/lib/python3.8/site-packages/airflow/example_dags/example_kubernetes_executor.py
[2021-09-04 15:19:09,551] {logging_mixin.py:109} INFO - [2021-09-04 15:19:09,551] {process_utils.py:207} INFO - Waiting up to 5 seconds for processes to exit...
[2021-09-04 15:19:14,675] {processor.py:162} INFO - Started process (PID=24) to work on /home/airflow/.local/lib/python3.8/site-packages/airflow/example_dags/example_kubernetes_executor.py
[2021-09-04 15:19:14,677] {processor.py:613} INFO - Processing file /home/airflow/.local/lib/python3.8/site-packages/airflow/example_dags/example_kubernetes_executor.py for tasks to queue
[2021-09-04 15:19:14,679] {logging_mixin.py:109} INFO - [2021-09-04 15:19:14,679] {dagbag.py:496} INFO - Filling up the DagBag from /home/airflow/.local/lib/python3.8/site-packages/airflow/example_dags/example_kubernetes_executor.py
[2021-09-04 15:19:14,698] {processor.py:623} INFO - DAG(s) dict_keys(['example_kubernetes_executor']) retrieved from /home/airflow/.local/lib/python3.8/site-packages/airflow/example_dags/example_kubernetes_executor.py
[2021-09-04 15:25:52,634] {processor.py:162} INFO - Started process (PID=25) to work on /home/airflow/.local/lib/python3.8/site-packages/airflow/example_dags/example_kubernetes_executor.py
[2021-09-04 15:25:52,636] {processor.py:613} INFO - Processing file /home/airflow/.local/lib/python3.8/site-packages/airflow/example_dags/example_kubernetes_executor.py for tasks to queue
[2021-09-04 15:25:52,639] {logging_mixin.py:109} INFO - [2021-09-04 15:25:52,638] {dagbag.py:496} INFO - Filling up the DagBag from /home/airflow/.local/lib/python3.8/site-packages/airflow/example_dags/example_kubernetes_executor.py
[2021-09-04 15:25:52,671] {processor.py:623} INFO - DAG(s) dict_keys(['example_kubernetes_executor']) retrieved from /home/airflow/.local/lib/python3.8/site-packages/airflow/example_dags/example_kubernetes_executor.py
[2021-09-04 15:25:55,878] {logging_mixin.py:109} INFO - [2021-09-04 15:25:55,877] {process_utils.py:207} INFO - Waiting up to 5 seconds for processes to exit...
