[2021-09-08 21:23:21,647] {processor.py:162} INFO - Started process (PID=38) to work on /home/airflow/.local/lib/python3.8/site-packages/airflow/example_dags/example_complex.py
[2021-09-08 21:23:21,649] {processor.py:613} INFO - Processing file /home/airflow/.local/lib/python3.8/site-packages/airflow/example_dags/example_complex.py for tasks to queue
[2021-09-08 21:23:21,650] {logging_mixin.py:109} INFO - [2021-09-08 21:23:21,650] {dagbag.py:496} INFO - Filling up the DagBag from /home/airflow/.local/lib/python3.8/site-packages/airflow/example_dags/example_complex.py
[2021-09-08 21:23:21,682] {processor.py:623} INFO - DAG(s) dict_keys(['example_complex']) retrieved from /home/airflow/.local/lib/python3.8/site-packages/airflow/example_dags/example_complex.py
[2021-09-08 21:23:22,229] {logging_mixin.py:109} INFO - [2021-09-08 21:23:22,229] {process_utils.py:207} INFO - Waiting up to 5 seconds for processes to exit...
[2021-09-08 21:32:38,362] {processor.py:162} INFO - Started process (PID=36) to work on /home/airflow/.local/lib/python3.8/site-packages/airflow/example_dags/example_complex.py
[2021-09-08 21:32:38,364] {processor.py:613} INFO - Processing file /home/airflow/.local/lib/python3.8/site-packages/airflow/example_dags/example_complex.py for tasks to queue
[2021-09-08 21:32:38,366] {logging_mixin.py:109} INFO - [2021-09-08 21:32:38,365] {dagbag.py:496} INFO - Filling up the DagBag from /home/airflow/.local/lib/python3.8/site-packages/airflow/example_dags/example_complex.py
[2021-09-08 21:32:38,387] {processor.py:623} INFO - DAG(s) dict_keys(['example_complex']) retrieved from /home/airflow/.local/lib/python3.8/site-packages/airflow/example_dags/example_complex.py
[2021-09-08 21:32:39,373] {logging_mixin.py:109} INFO - [2021-09-08 21:32:39,373] {process_utils.py:207} INFO - Waiting up to 5 seconds for processes to exit...
[2021-09-08 21:32:39,374] {logging_mixin.py:109} WARNING - Exception ignored in: <function WeakKeyDictionary.__init__.<locals>.remove at 0x7fa40729c4c0>
[2021-09-08 21:32:39,375] {logging_mixin.py:109} WARNING - Traceback (most recent call last):
[2021-09-08 21:32:39,375] {logging_mixin.py:109} WARNING -   File "/usr/local/lib/python3.8/weakref.py", line 345, in remove
[2021-09-08 21:32:39,376] {logging_mixin.py:109} WARNING -     def remove(k, selfref=ref(self)):
[2021-09-08 21:32:39,377] {logging_mixin.py:109} WARNING -   File "/home/airflow/.local/lib/python3.8/site-packages/airflow/dag_processing/manager.py", line 586, in _exit_gracefully
[2021-09-08 21:32:39,378] {logging_mixin.py:109} WARNING -     self.log.debug("Current Stacktrace is: %s", '\n'.join(map(str, inspect.stack())))
[2021-09-08 21:32:39,378] {logging_mixin.py:109} WARNING -   File "/usr/local/lib/python3.8/inspect.py", line 1526, in stack
[2021-09-08 21:32:39,379] {logging_mixin.py:109} WARNING -     return getouterframes(sys._getframe(1), context)
[2021-09-08 21:32:39,380] {logging_mixin.py:109} WARNING -   File "/usr/local/lib/python3.8/inspect.py", line 1503, in getouterframes
[2021-09-08 21:32:39,380] {logging_mixin.py:109} WARNING -     frameinfo = (frame,) + getframeinfo(frame, context)
[2021-09-08 21:32:39,381] {logging_mixin.py:109} WARNING -   File "/usr/local/lib/python3.8/inspect.py", line 1477, in getframeinfo
[2021-09-08 21:32:39,382] {logging_mixin.py:109} WARNING -     lines, lnum = findsource(frame)
[2021-09-08 21:32:39,382] {logging_mixin.py:109} WARNING -   File "/usr/local/lib/python3.8/inspect.py", line 792, in findsource
[2021-09-08 21:32:39,383] {logging_mixin.py:109} WARNING -     module = getmodule(object, file)
[2021-09-08 21:32:39,384] {logging_mixin.py:109} WARNING -   File "/usr/local/lib/python3.8/inspect.py", line 754, in getmodule
[2021-09-08 21:32:39,384] {logging_mixin.py:109} WARNING -     os.path.realpath(f)] = module.__name__
[2021-09-08 21:32:39,385] {logging_mixin.py:109} WARNING -   File "/usr/local/lib/python3.8/posixpath.py", line 392, in realpath
[2021-09-08 21:32:39,386] {logging_mixin.py:109} WARNING -     return abspath(path)
[2021-09-08 21:32:39,386] {logging_mixin.py:109} WARNING -   File "/usr/local/lib/python3.8/posixpath.py", line 381, in abspath
[2021-09-08 21:32:39,387] {logging_mixin.py:109} WARNING -     return normpath(path)
[2021-09-08 21:32:39,388] {logging_mixin.py:109} WARNING -   File "/usr/local/lib/python3.8/posixpath.py", line 347, in normpath
[2021-09-08 21:32:39,388] {logging_mixin.py:109} WARNING -     if path == empty:
[2021-09-08 21:32:39,389] {logging_mixin.py:109} WARNING -   File "/home/airflow/.local/lib/python3.8/site-packages/airflow/dag_processing/manager.py", line 586, in _exit_gracefully
[2021-09-08 21:32:39,390] {logging_mixin.py:109} WARNING -     self.log.debug("Current Stacktrace is: %s", '\n'.join(map(str, inspect.stack())))
[2021-09-08 21:32:39,390] {logging_mixin.py:109} WARNING -   File "/usr/local/lib/python3.8/inspect.py", line 1526, in stack
[2021-09-08 21:32:39,391] {logging_mixin.py:109} WARNING -     return getouterframes(sys._getframe(1), context)
[2021-09-08 21:32:39,391] {logging_mixin.py:109} WARNING -   File "/usr/local/lib/python3.8/inspect.py", line 1503, in getouterframes
[2021-09-08 21:32:39,392] {logging_mixin.py:109} WARNING -     frameinfo = (frame,) + getframeinfo(frame, context)
[2021-09-08 21:32:39,393] {logging_mixin.py:109} WARNING -   File "/usr/local/lib/python3.8/inspect.py", line 1477, in getframeinfo
[2021-09-08 21:32:39,393] {logging_mixin.py:109} WARNING -     lines, lnum = findsource(frame)
[2021-09-08 21:32:39,394] {logging_mixin.py:109} WARNING -   File "/usr/local/lib/python3.8/inspect.py", line 780, in findsource
[2021-09-08 21:32:39,395] {logging_mixin.py:109} WARNING -     file = getsourcefile(object)
[2021-09-08 21:32:39,395] {logging_mixin.py:109} WARNING -   File "/usr/local/lib/python3.8/inspect.py", line 708, in getsourcefile
[2021-09-08 21:32:39,396] {logging_mixin.py:109} WARNING -     if getattr(getmodule(object, filename), '__loader__', None) is not None:
[2021-09-08 21:32:39,397] {logging_mixin.py:109} WARNING -   File "/usr/local/lib/python3.8/inspect.py", line 747, in getmodule
[2021-09-08 21:32:39,397] {logging_mixin.py:109} WARNING -     if f == _filesbymodname.get(modname, None):
[2021-09-08 21:32:39,398] {logging_mixin.py:109} WARNING -   File "/home/airflow/.local/lib/python3.8/site-packages/airflow/dag_processing/manager.py", line 590, in _exit_gracefully
[2021-09-08 21:32:39,399] {logging_mixin.py:109} WARNING -     sys.exit(os.EX_OK)
[2021-09-08 21:32:39,399] {logging_mixin.py:109} WARNING - SystemExit: 0
[2021-09-08 21:32:41,555] {logging_mixin.py:109} INFO - [2021-09-08 21:32:41,554] {dag.py:1833} INFO - Sync 1 DAGs
[2021-09-08 21:32:41,561] {logging_mixin.py:109} INFO - [2021-09-08 21:32:41,560] {dag.py:1852} INFO - Creating ORM DAG for example_complex
[2021-09-08 21:32:41,565] {logging_mixin.py:109} INFO - [2021-09-08 21:32:41,565] {dag.py:2306} INFO - Setting next_dagrun for example_complex to None
[2021-09-08 21:32:41,577] {processor.py:170} INFO - Processing /home/airflow/.local/lib/python3.8/site-packages/airflow/example_dags/example_complex.py took 3.219 seconds
